Build started 14/11/2014 17:09:46.
     1>Project "C:\Users\StammeD\Documents\GitHub\[Easy] 5 Password Protected\[Easy] 5 Password Protected\[Easy] 5 Password Protected.vcxproj" on node 2 (Build target(s)).
     1>ClCompile:
         C:\Program Files (x86)\Microsoft Visual Studio 12.0\VC\bin\CL.exe /c /ZI /nologo /W3 /WX- /sdl /Od /Oy- /D WIN32 /D _DEBUG /D _CONSOLE /D _LIB /D _UNICODE /D UNICODE /Gm /EHsc /RTC1 /MDd /GS /fp:precise /Zc:wchar_t /Zc:forScope /Fo"Debug\\" /Fd"Debug\vc120.pdb" /Gd /TP /analyze- /errorReport:prompt main.cpp
         main.cpp
     1>c:\program files (x86)\microsoft visual studio 12.0\vc\include\xtree(1317): error C2675: unary '++' : 'std::string' does not define this operator or a conversion to a type acceptable to the predefined operator
                 c:\users\stammed\documents\github\[easy] 5 password protected\[easy] 5 password protected\main.cpp(21) : see reference to function template instantiation 'void std::_Tree<std::_Tmap_traits<_Kty,_Ty,_Pr,_Alloc,false>>::insert<std::string>(_Iter,_Iter)' being compiled
                 with
                 [
                     _Kty=std::string
         ,            _Ty=std::string
         ,            _Pr=std::less<std::string>
         ,            _Alloc=std::allocator<std::pair<const std::string,std::string>>
         ,            _Iter=std::string
                 ]
                 c:\users\stammed\documents\github\[easy] 5 password protected\[easy] 5 password protected\main.cpp(21) : see reference to function template instantiation 'void std::_Tree<std::_Tmap_traits<_Kty,_Ty,_Pr,_Alloc,false>>::insert<std::string>(_Iter,_Iter)' being compiled
                 with
                 [
                     _Kty=std::string
         ,            _Ty=std::string
         ,            _Pr=std::less<std::string>
         ,            _Alloc=std::allocator<std::pair<const std::string,std::string>>
         ,            _Iter=std::string
                 ]
     1>c:\program files (x86)\microsoft visual studio 12.0\vc\include\xtree(1319): error C2100: illegal indirection
     1>Done Building Project "C:\Users\StammeD\Documents\GitHub\[Easy] 5 Password Protected\[Easy] 5 Password Protected\[Easy] 5 Password Protected.vcxproj" (Build target(s)) -- FAILED.

Build FAILED.

Time Elapsed 00:00:00.69
